[INFO  - 2017-06-17T20:19:32.988Z] GhostDriver - Main - running on port 36994
[INFO  - 2017-06-17T20:19:33.364Z] Session [46a818e0-539a-11e7-94f7-115fd06c5e83] - page.settings - {"XSSAuditingEnabled":false,"javascriptCanCloseWindows":true,"javascriptCanOpenWindows":true,"javascriptEnabled":true,"loadImages":true,"localToRemoteUrlAccessEnabled":false,"userAgent":"Mozilla/5.0 (Macintosh; Intel Mac OS X) AppleWebKit/538.1 (KHTML, like Gecko) PhantomJS/2.1.1 Safari/538.1","webSecurityEnabled":true}
[INFO  - 2017-06-17T20:19:33.364Z] Session [46a818e0-539a-11e7-94f7-115fd06c5e83] - page.customHeaders:  - {}
[INFO  - 2017-06-17T20:19:33.364Z] Session [46a818e0-539a-11e7-94f7-115fd06c5e83] - Session.negotiatedCapabilities - {"browserName":"phantomjs","version":"2.1.1","driverName":"ghostdriver","driverVersion":"1.2.0","platform":"mac-unknown-64bit","javascriptEnabled":true,"takesScreenshot":true,"handlesAlerts":false,"databaseEnabled":false,"locationContextEnabled":false,"applicationCacheEnabled":false,"browserConnectionEnabled":false,"cssSelectorsEnabled":true,"webStorageEnabled":false,"rotatable":false,"acceptSslCerts":false,"nativeEvents":true,"proxy":{"proxyType":"direct"}}
[INFO  - 2017-06-17T20:19:33.364Z] SessionManagerReqHand - _postNewSessionCommand - New Session Created: 46a818e0-539a-11e7-94f7-115fd06c5e83
[INFO  - 2017-06-17T20:19:34.125Z] ShutdownReqHand - _handle - About to shutdown
[INFO  - 2017-06-17T20:19:44.146Z] GhostDriver - Main - running on port 9628
[INFO  - 2017-06-17T20:19:44.521Z] Session [4d4eac40-539a-11e7-a4b0-f7c1bf601821] - page.settings - {"XSSAuditingEnabled":false,"javascriptCanCloseWindows":true,"javascriptCanOpenWindows":true,"javascriptEnabled":true,"loadImages":true,"localToRemoteUrlAccessEnabled":false,"userAgent":"Mozilla/5.0 (Macintosh; Intel Mac OS X) AppleWebKit/538.1 (KHTML, like Gecko) PhantomJS/2.1.1 Safari/538.1","webSecurityEnabled":true}
[INFO  - 2017-06-17T20:19:44.521Z] Session [4d4eac40-539a-11e7-a4b0-f7c1bf601821] - page.customHeaders:  - {}
[INFO  - 2017-06-17T20:19:44.521Z] Session [4d4eac40-539a-11e7-a4b0-f7c1bf601821] - Session.negotiatedCapabilities - {"browserName":"phantomjs","version":"2.1.1","driverName":"ghostdriver","driverVersion":"1.2.0","platform":"mac-unknown-64bit","javascriptEnabled":true,"takesScreenshot":true,"handlesAlerts":false,"databaseEnabled":false,"locationContextEnabled":false,"applicationCacheEnabled":false,"browserConnectionEnabled":false,"cssSelectorsEnabled":true,"webStorageEnabled":false,"rotatable":false,"acceptSslCerts":false,"nativeEvents":true,"proxy":{"proxyType":"direct"}}
[INFO  - 2017-06-17T20:19:44.522Z] SessionManagerReqHand - _postNewSessionCommand - New Session Created: 4d4eac40-539a-11e7-a4b0-f7c1bf601821
[INFO  - 2017-06-17T20:19:45.214Z] ShutdownReqHand - _handle - About to shutdown
[INFO  - 2017-06-17T20:23:01.327Z] GhostDriver - Main - running on port 43771
[INFO  - 2017-06-17T20:23:01.723Z] Session [c2d90140-539a-11e7-9bf3-ff3c56e5b083] - page.settings - {"XSSAuditingEnabled":false,"javascriptCanCloseWindows":true,"javascriptCanOpenWindows":true,"javascriptEnabled":true,"loadImages":true,"localToRemoteUrlAccessEnabled":false,"userAgent":"Mozilla/5.0 (Macintosh; Intel Mac OS X) AppleWebKit/538.1 (KHTML, like Gecko) PhantomJS/2.1.1 Safari/538.1","webSecurityEnabled":true}
[INFO  - 2017-06-17T20:23:01.723Z] Session [c2d90140-539a-11e7-9bf3-ff3c56e5b083] - page.customHeaders:  - {}
[INFO  - 2017-06-17T20:23:01.723Z] Session [c2d90140-539a-11e7-9bf3-ff3c56e5b083] - Session.negotiatedCapabilities - {"browserName":"phantomjs","version":"2.1.1","driverName":"ghostdriver","driverVersion":"1.2.0","platform":"mac-unknown-64bit","javascriptEnabled":true,"takesScreenshot":true,"handlesAlerts":false,"databaseEnabled":false,"locationContextEnabled":false,"applicationCacheEnabled":false,"browserConnectionEnabled":false,"cssSelectorsEnabled":true,"webStorageEnabled":false,"rotatable":false,"acceptSslCerts":false,"nativeEvents":true,"proxy":{"proxyType":"direct"}}
[INFO  - 2017-06-17T20:23:01.723Z] SessionManagerReqHand - _postNewSessionCommand - New Session Created: c2d90140-539a-11e7-9bf3-ff3c56e5b083
[INFO  - 2017-06-17T20:23:02.431Z] ShutdownReqHand - _handle - About to shutdown
[INFO  - 2017-06-17T20:25:54.595Z] GhostDriver - Main - running on port 37147
[INFO  - 2017-06-17T20:25:54.972Z] Session [2a1cdb60-539b-11e7-8b6d-1dc39be71d1a] - page.settings - {"XSSAuditingEnabled":false,"javascriptCanCloseWindows":true,"javascriptCanOpenWindows":true,"javascriptEnabled":true,"loadImages":true,"localToRemoteUrlAccessEnabled":false,"userAgent":"Mozilla/5.0 (Macintosh; Intel Mac OS X) AppleWebKit/538.1 (KHTML, like Gecko) PhantomJS/2.1.1 Safari/538.1","webSecurityEnabled":true}
[INFO  - 2017-06-17T20:25:54.972Z] Session [2a1cdb60-539b-11e7-8b6d-1dc39be71d1a] - page.customHeaders:  - {}
[INFO  - 2017-06-17T20:25:54.972Z] Session [2a1cdb60-539b-11e7-8b6d-1dc39be71d1a] - Session.negotiatedCapabilities - {"browserName":"phantomjs","version":"2.1.1","driverName":"ghostdriver","driverVersion":"1.2.0","platform":"mac-unknown-64bit","javascriptEnabled":true,"takesScreenshot":true,"handlesAlerts":false,"databaseEnabled":false,"locationContextEnabled":false,"applicationCacheEnabled":false,"browserConnectionEnabled":false,"cssSelectorsEnabled":true,"webStorageEnabled":false,"rotatable":false,"acceptSslCerts":false,"nativeEvents":true,"proxy":{"proxyType":"direct"}}
[INFO  - 2017-06-17T20:25:54.972Z] SessionManagerReqHand - _postNewSessionCommand - New Session Created: 2a1cdb60-539b-11e7-8b6d-1dc39be71d1a
[INFO  - 2017-06-17T20:25:55.705Z] ShutdownReqHand - _handle - About to shutdown
